
[2017-10-17 11:46:59] Traceback (most recent call last):
  File "request_handler.pyx", line 106, in cefpython_py36.RequestHandler_OnBeforeResourceLoad (cefpython_py36.cpp:92849)
  File "C:\Users\vincent\Documents\GitHub\Positron\Pysitron\__init__.py", line 183, in OnBeforeResourceLoad
    icon_path = tempfile.name
AttributeError: module 'tempfile' has no attribute 'name'


[2017-10-17 11:47:21] Traceback (most recent call last):
  File "request_handler.pyx", line 106, in cefpython_py36.RequestHandler_OnBeforeResourceLoad (cefpython_py36.cpp:92849)
  File "C:\Users\vincent\Documents\GitHub\Positron\Pysitron\__init__.py", line 185, in OnBeforeResourceLoad
    icon = load_icon_from_file(icon_path)
  File "C:\Users\vincent\Documents\GitHub\Positron\Pysitron\__init__.py", line 138, in load_icon_from_file
    hicon = win32gui.LoadImage(hinst, icon_path, win32con.IMAGE_ICON, 0, 0, icon_flags, )
pywintypes.error: (32, 'LoadImage', 'The process cannot access the file because it is being used by another process.')


[2017-10-17 11:49:08] Traceback (most recent call last):
  File "request_handler.pyx", line 106, in cefpython_py36.RequestHandler_OnBeforeResourceLoad (cefpython_py36.cpp:92849)
  File "C:\Users\vincent\Documents\GitHub\Positron\Pysitron\__init__.py", line 177, in OnBeforeResourceLoad
    with open(temp.name) as f:
PermissionError: [Errno 13] Permission denied: 'C:\\Users\\vincent\\AppData\\Local\\Temp\\tmp8tm6vlr9'


[2017-10-17 11:53:27] Traceback (most recent call last):
  File "request_handler.pyx", line 106, in cefpython_py36.RequestHandler_OnBeforeResourceLoad (cefpython_py36.cpp:92849)
  File "C:\Users\vincent\Documents\GitHub\Positron\Pysitron\__init__.py", line 178, in OnBeforeResourceLoad
    icon = load_icon_from_file(temp.name)
  File "C:\Users\vincent\Documents\GitHub\Positron\Pysitron\__init__.py", line 138, in load_icon_from_file
    hicon = win32gui.LoadImage(hinst, icon_path, win32con.IMAGE_ICON, 0, 0, icon_flags, )
pywintypes.error: (2, 'LoadImage', 'The system cannot find the file specified.')

